<?xml version="1.0" encoding="UTF-8"?>
<!-- Generated by org.testng.reporters.JUnitReportReporter -->
<testsuite skipped="0" hostname="DESKTOP-4VJEUVF" name="com.qa.testcases.TestvagrantTest" tests="1" failures="0" timestamp="2022-10-29T16:28:27 IST" time="7.817" errors="0">
  <testcase name="ReleasedateandcountrytTest" time="7.817" classname="com.qa.testcases.TestvagrantTest"/>
  <system-out/>
</testsuite> <!-- com.qa.testcases.TestvagrantTest -->
